# JRE version: OpenJDK Runtime Environment (26.0.1+8) (build 26.0.1+8-34)
# Java VM: OpenJDK 64-Bit Server VM (26.0.1+8-34, mixed mode, sharing, tiered, compressed oops, compressed class ptrs, g1 gc, windows-amd64)
GC Precious Log:
 CardTable entry size: 512
 Card Set container configuration: InlinePtr #cards 4 size 8 Array Of Cards #cards 16 size 48 Howl #buckets 8 coarsen threshold 3686 Howl Bitmap #cards 512 size 80 coarsen threshold 460 Card regions per heap region 1 cards per card region 4096
 CPUs: 12 total, 12 available
 Memory: 16255M
 Large Page Support: Disabled
 NUMA Support: Disabled
 Compressed Oops: Enabled (Zero based)
 Heap Region Size: 2M
 Heap Min Capacity: 8M
 Heap Initial Capacity: 8M
 Heap Max Capacity: 4064M
 Pre-touch: Disabled
 Parallel Workers: 10
 Concurrent Workers: 3
 Concurrent Refinement Workers: 10
 Periodic GC: Disabled
Heap:
 garbage-first heap   total reserved 4161536K, committed 325632K, used 148993K [0x0000000702000000, 0x0000000800000000)
  region size 2M, 32 eden (64M), 12 survivor (24M), 28 old (56M), 2 humongous (4M), 85 free (170M)
GC Heap Usage History (20 events):
Event: 17.143 {heap Before GC invocations=16 (full 0):
 garbage-first heap   total reserved 4161536K, committed 108544K, used 81598K [0x0000000702000000, 0x0000000800000000)
  region size 2M, 26 eden (52M), 4 survivor (8M), 9 old (18M), 2 humongous (4M), 12 free (24M)
}
Event: 17.160 {heap After GC invocations=17 (full 0):
 garbage-first heap   total reserved 4161536K, committed 108544K, used 40026K [0x0000000702000000, 0x0000000800000000)
  region size 2M, 0 eden (0M), 4 survivor (8M), 15 old (30M), 1 humongous (2M), 33 free (66M)
}
Event: 17.512 {heap Before GC invocations=17 (full 0):
 garbage-first heap   total reserved 4161536K, committed 108544K, used 83034K [0x0000000702000000, 0x0000000800000000)
  region size 2M, 21 eden (42M), 4 survivor (8M), 15 old (30M), 1 humongous (2M), 12 free (24M)
}
Event: 17.531 {heap After GC invocations=18 (full 0):
 garbage-first heap   total reserved 4161536K, committed 108544K, used 48501K [0x0000000702000000, 0x0000000800000000)
  region size 2M, 0 eden (0M), 4 survivor (8M), 19 old (38M), 1 humongous (2M), 29 free (58M)
}
Event: 17.675 {heap Before GC invocations=18 (full 0):
 garbage-first heap   total reserved 4161536K, committed 108544K, used 87413K [0x0000000702000000, 0x0000000800000000)
  region size 2M, 19 eden (38M), 4 survivor (8M), 19 old (38M), 1 humongous (2M), 10 free (20M)
}
Event: 17.687 {heap After GC invocations=19 (full 0):
 garbage-first heap   total reserved 4161536K, committed 108544K, used 53687K [0x0000000702000000, 0x0000000800000000)
  region size 2M, 0 eden (0M), 3 survivor (6M), 23 old (46M), 1 humongous (2M), 26 free (52M)
}
Event: 18.264 {heap Before GC invocations=19 (full 0):
 garbage-first heap   total reserved 4161536K, committed 108544K, used 88503K [0x0000000702000000, 0x0000000800000000)
  region size 2M, 18 eden (36M), 3 survivor (6M), 23 old (46M), 1 humongous (2M), 8 free (16M)
}
Event: 18.278 {heap After GC invocations=20 (full 0):
 garbage-first heap   total reserved 4161536K, committed 108544K, used 55296K [0x0000000702000000, 0x0000000800000000)
  region size 2M, 0 eden (0M), 1 survivor (2M), 25 old (50M), 1 humongous (2M), 26 free (52M)
}
Event: 18.703 {heap Before GC invocations=21 (full 0):
 garbage-first heap   total reserved 4161536K, committed 108544K, used 92160K [0x0000000702000000, 0x0000000800000000)
  region size 2M, 18 eden (36M), 1 survivor (2M), 25 old (50M), 1 humongous (2M), 8 free (16M)
}
Event: 18.707 {heap After GC invocations=22 (full 0):
 garbage-first heap   total reserved 4161536K, committed 108544K, used 55524K [0x0000000702000000, 0x0000000800000000)
  region size 2M, 0 eden (0M), 2 survivor (4M), 25 old (50M), 1 humongous (2M), 25 free (50M)
}
Event: 18.931 {heap Before GC invocations=22 (full 0):
 garbage-first heap   total reserved 4161536K, committed 108544K, used 94436K [0x0000000702000000, 0x0000000800000000)
  region size 2M, 19 eden (38M), 2 survivor (4M), 25 old (50M), 1 humongous (2M), 6 free (12M)
}
Event: 18.936 {heap After GC invocations=23 (full 0):
 garbage-first heap   total reserved 4161536K, committed 108544K, used 54267K [0x0000000702000000, 0x0000000800000000)
  region size 2M, 0 eden (0M), 2 survivor (4M), 25 old (50M), 1 humongous (2M), 25 free (50M)
}
Event: 19.328 {heap Before GC invocations=23 (full 0):
 garbage-first heap   total reserved 4161536K, committed 108544K, used 95227K [0x0000000702000000, 0x0000000800000000)
  region size 2M, 20 eden (40M), 2 survivor (4M), 25 old (50M), 1 humongous (2M), 5 free (10M)
}
Event: 19.337 {heap After GC invocations=24 (full 0):
 garbage-first heap   total reserved 4161536K, committed 325632K, used 56093K [0x0000000702000000, 0x0000000800000000)
  region size 2M, 0 eden (0M), 3 survivor (6M), 25 old (50M), 1 humongous (2M), 130 free (260M)
}
Event: 20.258 {heap Before GC invocations=25 (full 0):
 garbage-first heap   total reserved 4161536K, committed 325632K, used 244509K [0x0000000702000000, 0x0000000800000000)
  region size 2M, 92 eden (184M), 3 survivor (6M), 25 old (50M), 1 humongous (2M), 38 free (76M)
}
Event: 20.264 {heap After GC invocations=26 (full 0):
 garbage-first heap   total reserved 4161536K, committed 325632K, used 59974K [0x0000000702000000, 0x0000000800000000)
  region size 2M, 0 eden (0M), 4 survivor (8M), 25 old (50M), 1 humongous (2M), 129 free (258M)
}
Event: 20.731 {heap Before GC invocations=26 (full 0):
 garbage-first heap   total reserved 4161536K, committed 325632K, used 246342K [0x0000000702000000, 0x0000000800000000)
  region size 2M, 91 eden (182M), 4 survivor (8M), 25 old (50M), 1 humongous (2M), 38 free (76M)
}
Event: 20.737 {heap After GC invocations=27 (full 0):
 garbage-first heap   total reserved 4161536K, committed 325632K, used 60411K [0x0000000702000000, 0x0000000800000000)
  region size 2M, 0 eden (0M), 5 survivor (10M), 24 old (48M), 1 humongous (2M), 129 free (258M)
}
Event: 25.356 {heap Before GC invocations=27 (full 0):
 garbage-first heap   total reserved 4161536K, committed 325632K, used 246779K [0x0000000702000000, 0x0000000800000000)
  region size 2M, 90 eden (180M), 5 survivor (10M), 24 old (48M), 2 humongous (4M), 38 free (76M)
}
Event: 25.373 {heap After GC invocations=28 (full 0):
 garbage-first heap   total reserved 4161536K, committed 325632K, used 85505K [0x0000000702000000, 0x0000000800000000)
  region size 2M, 0 eden (0M), 12 survivor (24M), 28 old (56M), 2 humongous (4M), 117 free (234M)
}

